Info: Starting: Create block symbol file (.bsf)
Info: qsys-generate C:\Lab3\src\DE2_115\daodao.qsys --block-symbol-file --output-directory=C:\Lab3\src\daodao --family="Cyclone IV E" --part=EP4CE115F29C7
Progress: Loading DE2_115/daodao.qsys
Progress: Reading input file
Progress: Adding altpll_0 [altpll 15.0]
Progress: Parameterizing module altpll_0
Progress: Adding clk_0 [clock_source 15.0]
Progress: Parameterizing module clk_0
Progress: Adding daodaodao_0 [daodaodao 1.0]
Progress: Parameterizing module daodaodao_0
Progress: Building connections
Progress: Parameterizing connections
Progress: Validating
Progress: Done reading input file
Warning: daodao.altpll_0: altpll_0.areset_conduit must be exported, or connected to a matching conduit.
Warning: daodao.altpll_0: altpll_0.locked_conduit must be exported, or connected to a matching conduit.
Warning: daodao.altpll_0: altpll_0.phasedone_conduit must be exported, or connected to a matching conduit.
Warning: daodao.altpll_0: altpll_0.pll_slave must be connected to an Avalon-MM master
Info: ip-generate succeeded.
Info: Finished: Create block symbol file (.bsf)
Info: 
Info: Starting: Create HDL design files for synthesis
Info: qsys-generate C:\Lab3\src\DE2_115\daodao.qsys --synthesis=VERILOG --output-directory=C:\Lab3\src\daodao\synthesis --family="Cyclone IV E" --part=EP4CE115F29C7
Progress: Loading DE2_115/daodao.qsys
Progress: Reading input file
Progress: Adding altpll_0 [altpll 15.0]
Progress: Parameterizing module altpll_0
Progress: Adding clk_0 [clock_source 15.0]
Progress: Parameterizing module clk_0
Progress: Adding daodaodao_0 [daodaodao 1.0]
Progress: Parameterizing module daodaodao_0
Progress: Building connections
Progress: Parameterizing connections
Progress: Validating
Progress: Done reading input file
Warning: daodao.altpll_0: altpll_0.areset_conduit must be exported, or connected to a matching conduit.
Warning: daodao.altpll_0: altpll_0.locked_conduit must be exported, or connected to a matching conduit.
Warning: daodao.altpll_0: altpll_0.phasedone_conduit must be exported, or connected to a matching conduit.
Warning: daodao.altpll_0: altpll_0.pll_slave must be connected to an Avalon-MM master
Info: daodao: Generating daodao "daodao" for QUARTUS_SYNTH
Info: altpll_0: "daodao" instantiated altpll "altpll_0"
Info: rst_controller: "daodao" instantiated altera_reset_controller "rst_controller"
Info: daodao: Done "daodao" with 3 modules, 5 files
Info: ip-generate succeeded.
Info: Finished: Create HDL design files for synthesis
