ncverilog(64): 15.20-s084: (c) Copyright 1995-2020 Cadence Design Systems, Inc.
TOOL:	ncverilog	15.20-s084: Started on Nov 18, 2021 at 01:17:13 CST
ncverilog
	DE2_115.sv
		Caching library 'worklib' ....... Done
	Elaborating the design hierarchy:
		Caching library 'worklib' ....... Done
Altpll pll0( // generate with qsys, please follow lab2 tutorials
          |
ncelab: *E,CUVMUR (./DE2_115.sv,144|10): instance 'DE2_115.pll0' of design unit 'Altpll' is unresolved in 'worklib.DE2_115:sv'.
Debounce deb0(
            |
ncelab: *E,CUVMUR (./DE2_115.sv,153|12): instance 'DE2_115.deb0' of design unit 'Debounce' is unresolved in 'worklib.DE2_115:sv'.
Debounce deb1(
            |
ncelab: *E,CUVMUR (./DE2_115.sv,160|12): instance 'DE2_115.deb1' of design unit 'Debounce' is unresolved in 'worklib.DE2_115:sv'.
Debounce deb2(
            |
ncelab: *E,CUVMUR (./DE2_115.sv,167|12): instance 'DE2_115.deb2' of design unit 'Debounce' is unresolved in 'worklib.DE2_115:sv'.
Top top0(
       |
ncelab: *E,CUVMUR (./DE2_115.sv,174|7): instance 'DE2_115.top0' of design unit 'Top' is unresolved in 'worklib.DE2_115:sv'.
ncverilog: *E,ELBERR: Error during elaboration (status 1), exiting.
TOOL:	ncverilog	15.20-s084: Exiting on Nov 18, 2021 at 01:17:13 CST  (total: 00:00:00)
